2012/11/16 15:59:27 [error] [exception.CException] exception 'CException' with message 'Alias "rights.RightsModule" is invalid. Make sure it points to an existing PHP file and the file is readable.' in /var/www/yii/framework/YiiBase.php:318
Stack trace:
#0 /var/www/yii/framework/YiiBase.php(198): YiiBase::import('rights.RightsMo...', true)
#1 /var/www/yii/framework/base/CModule.php(283): YiiBase::createComponent('rights.RightsMo...', 'rights', NULL, Array)
#2 /var/www/yii/framework/web/CWebApplication.php(338): CModule->getModule('rights')
#3 /var/www/yii/framework/web/CWebApplication.php(277): CWebApplication->createController('rights/index')
#4 /var/www/yii/framework/web/CWebApplication.php(142): CWebApplication->runController('rights/index')
#5 /var/www/yii/framework/base/CApplication.php(162): CWebApplication->processRequest()
#6 /var/www/yii_rights/index.php(13): CApplication->run()
#7 {main}
REQUEST_URI=/yii_rights/index.php?r=rights/index
---
2012/11/16 15:59:29 [error] [exception.CException] exception 'CException' with message 'Alias "rights.RightsModule" is invalid. Make sure it points to an existing PHP file and the file is readable.' in /var/www/yii/framework/YiiBase.php:318
Stack trace:
#0 /var/www/yii/framework/YiiBase.php(198): YiiBase::import('rights.RightsMo...', true)
#1 /var/www/yii/framework/base/CModule.php(283): YiiBase::createComponent('rights.RightsMo...', 'rights', NULL, Array)
#2 /var/www/yii/framework/web/CWebApplication.php(338): CModule->getModule('rights')
#3 /var/www/yii/framework/web/CWebApplication.php(277): CWebApplication->createController('rights/index')
#4 /var/www/yii/framework/web/CWebApplication.php(142): CWebApplication->runController('rights/index')
#5 /var/www/yii/framework/base/CApplication.php(162): CWebApplication->processRequest()
#6 /var/www/yii_rights/index.php(13): CApplication->run()
#7 {main}
REQUEST_URI=/yii_rights/index.php?r=rights/index
---
2012/11/16 15:59:30 [error] [exception.CException] exception 'CException' with message 'Alias "rights.RightsModule" is invalid. Make sure it points to an existing PHP file and the file is readable.' in /var/www/yii/framework/YiiBase.php:318
Stack trace:
#0 /var/www/yii/framework/YiiBase.php(198): YiiBase::import('rights.RightsMo...', true)
#1 /var/www/yii/framework/base/CModule.php(283): YiiBase::createComponent('rights.RightsMo...', 'rights', NULL, Array)
#2 /var/www/yii/framework/web/CWebApplication.php(338): CModule->getModule('rights')
#3 /var/www/yii/framework/web/CWebApplication.php(277): CWebApplication->createController('rights/index')
#4 /var/www/yii/framework/web/CWebApplication.php(142): CWebApplication->runController('rights/index')
#5 /var/www/yii/framework/base/CApplication.php(162): CWebApplication->processRequest()
#6 /var/www/yii_rights/index.php(13): CApplication->run()
#7 {main}
REQUEST_URI=/yii_rights/index.php?r=rights/index
---
2012/11/16 15:59:33 [error] [exception.CException] exception 'CException' with message 'Alias "rights.RightsModule" is invalid. Make sure it points to an existing PHP file and the file is readable.' in /var/www/yii/framework/YiiBase.php:318
Stack trace:
#0 /var/www/yii/framework/YiiBase.php(198): YiiBase::import('rights.RightsMo...', true)
#1 /var/www/yii/framework/base/CModule.php(283): YiiBase::createComponent('rights.RightsMo...', 'rights', NULL, Array)
#2 /var/www/yii/framework/web/CWebApplication.php(338): CModule->getModule('rights')
#3 /var/www/yii/framework/web/CWebApplication.php(277): CWebApplication->createController('rights/index')
#4 /var/www/yii/framework/web/CWebApplication.php(142): CWebApplication->runController('rights/index')
#5 /var/www/yii/framework/base/CApplication.php(162): CWebApplication->processRequest()
#6 /var/www/yii_rights/index.php(13): CApplication->run()
#7 {main}
REQUEST_URI=/yii_rights/index.php?r=rights/index
---
2012/11/16 16:00:15 [error] [exception.CDbException] exception 'CDbException' with message 'CDbConnection failed to open the DB connection: SQLSTATE[42000] [1049] Unknown database 'yii_righ-ts'' in /var/www/yii/framework/db/CDbConnection.php:382
Stack trace:
#0 /var/www/yii/framework/db/CDbConnection.php(331): CDbConnection->open()
#1 /var/www/yii/framework/db/CDbConnection.php(309): CDbConnection->setActive(true)
#2 /var/www/yii/framework/base/CModule.php(388): CDbConnection->init()
#3 /var/www/yii/framework/web/auth/CDbAuthManager.php(590): CModule->getComponent('db')
#4 /var/www/yii/framework/web/auth/CDbAuthManager.php(60): CDbAuthManager->getDbConnection()
#5 /var/www/yii/framework/base/CModule.php(388): CDbAuthManager->init()
#6 /var/www/yii/framework/base/CModule.php(104): CModule->getComponent('authManager')
#7 /var/www/yii_rights/protected/modules/rights/RightsModule.php(129): CModule->__get('authManager')
#8 /var/www/yii/framework/base/CModule.php(91): RightsModule->init()
#9 /var/www/yii/framework/YiiBase.php(208): CModule->__construct('rights', NULL, Array)
#10 /var/www/yii/framework/base/CModule.php(283): YiiBase::createComponent('rights.RightsMo...', 'rights', NULL, Array)
#11 /var/www/yii/framework/web/CWebApplication.php(338): CModule->getModule('rights')
#12 /var/www/yii/framework/web/CWebApplication.php(277): CWebApplication->createController('rights/index')
#13 /var/www/yii/framework/web/CWebApplication.php(142): CWebApplication->runController('rights/index')
#14 /var/www/yii/framework/base/CApplication.php(162): CWebApplication->processRequest()
#15 /var/www/yii_rights/index.php(13): CApplication->run()
#16 {main}
REQUEST_URI=/yii_rights/index.php?r=rights/index
---
2012/11/16 16:00:17 [error] [exception.CDbException] exception 'CDbException' with message 'CDbConnection failed to open the DB connection: SQLSTATE[42000] [1049] Unknown database 'yii_righ-ts'' in /var/www/yii/framework/db/CDbConnection.php:382
Stack trace:
#0 /var/www/yii/framework/db/CDbConnection.php(331): CDbConnection->open()
#1 /var/www/yii/framework/db/CDbConnection.php(309): CDbConnection->setActive(true)
#2 /var/www/yii/framework/base/CModule.php(388): CDbConnection->init()
#3 /var/www/yii/framework/web/auth/CDbAuthManager.php(590): CModule->getComponent('db')
#4 /var/www/yii/framework/web/auth/CDbAuthManager.php(60): CDbAuthManager->getDbConnection()
#5 /var/www/yii/framework/base/CModule.php(388): CDbAuthManager->init()
#6 /var/www/yii/framework/base/CModule.php(104): CModule->getComponent('authManager')
#7 /var/www/yii_rights/protected/modules/rights/RightsModule.php(129): CModule->__get('authManager')
#8 /var/www/yii/framework/base/CModule.php(91): RightsModule->init()
#9 /var/www/yii/framework/YiiBase.php(208): CModule->__construct('rights', NULL, Array)
#10 /var/www/yii/framework/base/CModule.php(283): YiiBase::createComponent('rights.RightsMo...', 'rights', NULL, Array)
#11 /var/www/yii/framework/web/CWebApplication.php(338): CModule->getModule('rights')
#12 /var/www/yii/framework/web/CWebApplication.php(277): CWebApplication->createController('rights/index')
#13 /var/www/yii/framework/web/CWebApplication.php(142): CWebApplication->runController('rights/index')
#14 /var/www/yii/framework/base/CApplication.php(162): CWebApplication->processRequest()
#15 /var/www/yii_rights/index.php(13): CApplication->run()
#16 {main}
REQUEST_URI=/yii_rights/index.php?r=rights/index
---
2012/11/16 16:00:18 [error] [exception.CDbException] exception 'CDbException' with message 'CDbConnection failed to open the DB connection: SQLSTATE[42000] [1049] Unknown database 'yii_righ-ts'' in /var/www/yii/framework/db/CDbConnection.php:382
Stack trace:
#0 /var/www/yii/framework/db/CDbConnection.php(331): CDbConnection->open()
#1 /var/www/yii/framework/db/CDbConnection.php(309): CDbConnection->setActive(true)
#2 /var/www/yii/framework/base/CModule.php(388): CDbConnection->init()
#3 /var/www/yii/framework/web/auth/CDbAuthManager.php(590): CModule->getComponent('db')
#4 /var/www/yii/framework/web/auth/CDbAuthManager.php(60): CDbAuthManager->getDbConnection()
#5 /var/www/yii/framework/base/CModule.php(388): CDbAuthManager->init()
#6 /var/www/yii/framework/base/CModule.php(104): CModule->getComponent('authManager')
#7 /var/www/yii_rights/protected/modules/rights/RightsModule.php(129): CModule->__get('authManager')
#8 /var/www/yii/framework/base/CModule.php(91): RightsModule->init()
#9 /var/www/yii/framework/YiiBase.php(208): CModule->__construct('rights', NULL, Array)
#10 /var/www/yii/framework/base/CModule.php(283): YiiBase::createComponent('rights.RightsMo...', 'rights', NULL, Array)
#11 /var/www/yii/framework/web/CWebApplication.php(338): CModule->getModule('rights')
#12 /var/www/yii/framework/web/CWebApplication.php(277): CWebApplication->createController('rights/index')
#13 /var/www/yii/framework/web/CWebApplication.php(142): CWebApplication->runController('rights/index')
#14 /var/www/yii/framework/base/CApplication.php(162): CWebApplication->processRequest()
#15 /var/www/yii_rights/index.php(13): CApplication->run()
#16 {main}
REQUEST_URI=/yii_rights/index.php?r=rights/index
---
2012/11/16 16:00:33 [error] [exception.CHttpException.404] exception 'CHttpException' with message 'Unable to resolve the request "rights/index".' in /var/www/yii/framework/web/CWebApplication.php:287
Stack trace:
#0 /var/www/yii/framework/web/CWebApplication.php(142): CWebApplication->runController('rights/index')
#1 /var/www/yii/framework/base/CApplication.php(162): CWebApplication->processRequest()
#2 /var/www/yii_rights/index.php(13): CApplication->run()
#3 {main}
REQUEST_URI=/yii_rights/index.php?r=rights/index
---
2012/11/16 16:00:36 [error] [exception.CHttpException.404] exception 'CHttpException' with message 'Unable to resolve the request "rights/index".' in /var/www/yii/framework/web/CWebApplication.php:287
Stack trace:
#0 /var/www/yii/framework/web/CWebApplication.php(142): CWebApplication->runController('rights/index')
#1 /var/www/yii/framework/base/CApplication.php(162): CWebApplication->processRequest()
#2 /var/www/yii_rights/index.php(13): CApplication->run()
#3 {main}
REQUEST_URI=/yii_rights/index.php?r=rights/index
---
2012/11/16 16:00:39 [error] [exception.CHttpException.404] exception 'CHttpException' with message 'Unable to resolve the request "rights/index".' in /var/www/yii/framework/web/CWebApplication.php:287
Stack trace:
#0 /var/www/yii/framework/web/CWebApplication.php(142): CWebApplication->runController('rights/index')
#1 /var/www/yii/framework/base/CApplication.php(162): CWebApplication->processRequest()
#2 /var/www/yii_rights/index.php(13): CApplication->run()
#3 {main}
REQUEST_URI=/yii_rights/index.php?r=rights/index
---
2012/11/16 16:00:46 [error] [system.db.CDbCommand] CDbCommand::fetchAll() failed: SQLSTATE[42S02]: Base table or view not found: 1146 Table 'yii_rights.authassignment' doesn't exist. The SQL statement executed was: SELECT *
FROM `AuthAssignment`
WHERE userid=:userid.
in /var/www/yii_rights/protected/modules/rights/components/RAuthorizer.php (341)
in /var/www/yii_rights/protected/modules/rights/components/RWebUser.php (21)
in /var/www/yii_rights/protected/models/LoginForm.php (71)
2012/11/16 16:00:46 [error] [exception.CDbException] exception 'CDbException' with message 'CDbCommand failed to execute the SQL statement: SQLSTATE[42S02]: Base table or view not found: 1146 Table 'yii_rights.authassignment' doesn't exist. The SQL statement executed was: SELECT *
FROM `AuthAssignment`
WHERE userid=:userid' in /var/www/yii/framework/db/CDbCommand.php:528
Stack trace:
#0 /var/www/yii/framework/db/CDbCommand.php(390): CDbCommand->queryInternal('fetchAll', Array, Array)
#1 /var/www/yii/framework/web/auth/CDbAuthManager.php(338): CDbCommand->queryAll()
#2 /var/www/yii_rights/protected/modules/rights/components/RAuthorizer.php(341): CDbAuthManager->getAuthAssignments('demo')
#3 /var/www/yii_rights/protected/modules/rights/components/RWebUser.php(21): RAuthorizer->isSuperuser('demo')
#4 /var/www/yii/framework/web/auth/CWebUser.php(239): RWebUser->afterLogin(false)
#5 /var/www/yii_rights/protected/models/LoginForm.php(71): CWebUser->login(Object(UserIdentity), 0)
#6 /var/www/yii_rights/protected/controllers/SiteController.php(94): LoginForm->login()
#7 /var/www/yii/framework/web/actions/CInlineAction.php(50): SiteController->actionLogin()
#8 /var/www/yii/framework/web/CController.php(309): CInlineAction->runWithParams(Array)
#9 /var/www/yii/framework/web/CController.php(287): CController->runAction(Object(CInlineAction))
#10 /var/www/yii/framework/web/CController.php(266): CController->runActionWithFilters(Object(CInlineAction), Array)
#11 /var/www/yii/framework/web/CWebApplication.php(283): CController->run('login')
#12 /var/www/yii/framework/web/CWebApplication.php(142): CWebApplication->runController('site/login')
#13 /var/www/yii/framework/base/CApplication.php(162): CWebApplication->processRequest()
#14 /var/www/yii_rights/index.php(13): CApplication->run()
#15 {main}
REQUEST_URI=/yii_rights/index.php?r=site/login
HTTP_REFERER=http://localhost/yii_rights/index.php?r=site/login
---
2012/11/16 16:02:44 [error] [exception.CHttpException.404] exception 'CHttpException' with message 'Unable to resolve the request "rights/index".' in /var/www/yii/framework/web/CWebApplication.php:287
Stack trace:
#0 /var/www/yii/framework/web/CWebApplication.php(142): CWebApplication->runController('rights/index')
#1 /var/www/yii/framework/base/CApplication.php(162): CWebApplication->processRequest()
#2 /var/www/yii_rights/index.php(13): CApplication->run()
#3 {main}
REQUEST_URI=/yii_rights/index.php?r=rights/index
---
2012/11/16 16:02:51 [error] [system.db.CDbCommand] CDbCommand::fetchColumn() failed: SQLSTATE[42S02]: Base table or view not found: 1146 Table 'yii_rights.authitem' doesn't exist. The SQL statement executed was: SELECT COUNT(*) FROM AuthItem.
in /var/www/yii_rights/protected/modules/rights/components/RInstaller.php (180)
in /var/www/yii_rights/protected/modules/rights/controllers/InstallController.php (43)
in /var/www/yii_rights/index.php (13)
2012/11/16 16:02:51 [error] [php] include(User.php) [<a href='function.include'>function.include</a>]: failed to open stream: No such file or directory (/var/www/yii/framework/YiiBase.php:423)
Stack trace:
#0 /var/www/yii/framework/db/ar/CActiveRecord.php(387): spl_autoload_call()
#1 /var/www/yii_rights/protected/modules/rights/components/RAuthorizer.php(295): model()
#2 /var/www/yii_rights/protected/modules/rights/controllers/InstallController.php(61): RAuthorizer->getSuperusers()
#3 /var/www/yii/framework/web/CController.php(1145): InstallController->accessRules()
#4 /var/www/yii/framework/web/filters/CInlineFilter.php(59): InstallController->filterAccessControl()
#5 /var/www/yii/framework/web/filters/CFilterChain.php(131): CInlineFilter->filter()
#6 /var/www/yii/framework/web/CController.php(292): CFilterChain->run()
#7 /var/www/yii/framework/web/CController.php(266): InstallController->runActionWithFilters()
#8 /var/www/yii/framework/web/CWebApplication.php(283): InstallController->run()
#9 /var/www/yii/framework/web/CWebApplication.php(142): CWebApplication->runController()
#10 /var/www/yii/framework/base/CApplication.php(162): CWebApplication->processRequest()
#11 /var/www/yii_rights/index.php(13): CWebApplication->run()
REQUEST_URI=/yii_rights/index.php?r=rights/install/ready
in /var/www/yii_rights/protected/modules/rights/components/RAuthorizer.php (295)
in /var/www/yii_rights/protected/modules/rights/controllers/InstallController.php (61)
in /var/www/yii_rights/index.php (13)
2012/11/16 16:08:06 [error] [exception.CHttpException.403] exception 'CHttpException' with message 'There must be at least one superuser!' in /var/www/yii_rights/protected/modules/rights/components/RAuthorizer.php:305
Stack trace:
#0 /var/www/yii_rights/protected/modules/rights/controllers/AssignmentController.php(51): RAuthorizer->getSuperusers()
#1 /var/www/yii/framework/web/CController.php(1145): AssignmentController->accessRules()
#2 /var/www/yii/framework/web/filters/CInlineFilter.php(59): CController->filterAccessControl(Object(CFilterChain))
#3 /var/www/yii/framework/web/filters/CFilterChain.php(131): CInlineFilter->filter(Object(CFilterChain))
#4 /var/www/yii/framework/web/CController.php(292): CFilterChain->run()
#5 /var/www/yii/framework/web/CController.php(266): CController->runActionWithFilters(Object(CInlineAction), Array)
#6 /var/www/yii/framework/web/CWebApplication.php(283): CController->run('')
#7 /var/www/yii/framework/web/CWebApplication.php(142): CWebApplication->runController('rights')
#8 /var/www/yii/framework/base/CApplication.php(162): CWebApplication->processRequest()
#9 /var/www/yii_rights/index.php(13): CApplication->run()
#10 {main}
REQUEST_URI=/yii_rights/index.php?r=rights
---
2012/11/16 16:10:36 [error] [exception.CHttpException.404] exception 'CHttpException' with message 'Unable to resolve the request "rights/index".' in /var/www/yii/framework/web/CWebApplication.php:287
Stack trace:
#0 /var/www/yii/framework/web/CWebApplication.php(142): CWebApplication->runController('rights/index')
#1 /var/www/yii/framework/base/CApplication.php(162): CWebApplication->processRequest()
#2 /var/www/yii_rights/index.php(13): CApplication->run()
#3 {main}
REQUEST_URI=/yii_rights/index.php?r=rights/index
---
